c:\users\lenovo\desktop\visualstudio\yaroslav\x64\debug\yaroslav.pch
c:\users\lenovo\desktop\visualstudio\yaroslav\x64\debug\vc143.pdb
c:\users\lenovo\desktop\visualstudio\yaroslav\x64\debug\pch.obj
c:\users\lenovo\desktop\visualstudio\yaroslav\x64\debug\info.obj
c:\users\lenovo\desktop\visualstudio\yaroslav\x64\debug\form1.obj
c:\users\lenovo\desktop\visualstudio\yaroslav\x64\debug\cppclr_winformsproject.obj
c:\users\lenovo\desktop\visualstudio\yaroslav\x64\debug\calculate.obj
c:\users\lenovo\desktop\visualstudio\yaroslav\x64\debug\assemblyinfo.obj
c:\users\lenovo\desktop\visualstudio\yaroslav\x64\debug\.netframework,version=v4.7.2.assemblyattributes.obj
c:\users\lenovo\desktop\visualstudio\yaroslav\x64\debug\yaroslav.exe
c:\users\lenovo\desktop\visualstudio\yaroslav\x64\debug\yaroslav.pdb
c:\users\lenovo\desktop\visualstudio\yaroslav\x64\debug\yaroslav.tlog\metagen.write.1.tlog
c:\users\lenovo\desktop\visualstudio\yaroslav\x64\debug\app.res
c:\users\lenovo\desktop\visualstudio\yaroslav\x64\debug\yaroslav.exe.metagen
c:\users\lenovo\desktop\visualstudio\yaroslav\x64\debug\yaroslav.tlog\cl.command.1.tlog
c:\users\lenovo\desktop\visualstudio\yaroslav\x64\debug\yaroslav.tlog\cl.read.1.tlog
c:\users\lenovo\desktop\visualstudio\yaroslav\x64\debug\yaroslav.tlog\cl.write.1.tlog
c:\users\lenovo\desktop\visualstudio\yaroslav\x64\debug\yaroslav.tlog\link.command.1.tlog
c:\users\lenovo\desktop\visualstudio\yaroslav\x64\debug\yaroslav.tlog\link.read.1.tlog
c:\users\lenovo\desktop\visualstudio\yaroslav\x64\debug\yaroslav.tlog\link.write.1.tlog
c:\users\lenovo\desktop\visualstudio\yaroslav\x64\debug\yaroslav.tlog\metagen.read.1.tlog
c:\users\lenovo\desktop\visualstudio\yaroslav\x64\debug\yaroslav.tlog\rc.command.1.tlog
c:\users\lenovo\desktop\visualstudio\yaroslav\x64\debug\yaroslav.tlog\rc.read.1.tlog
c:\users\lenovo\desktop\visualstudio\yaroslav\x64\debug\yaroslav.tlog\rc.write.1.tlog
c:\users\lenovo\desktop\visualstudio\yaroslav\x64\debug\yaroslav.tlog\resgen.command.1.tlog
c:\users\lenovo\desktop\visualstudio\yaroslav\x64\debug\yaroslav.tlog\resgen.read.1.tlog
c:\users\lenovo\desktop\visualstudio\yaroslav\x64\debug\yaroslav.tlog\resgen.write.1.tlog
c:\users\lenovo\desktop\visualstudio\yaroslav\x64\debug\yaroslav.tlog\system.data.dll.metagen
c:\users\lenovo\desktop\visualstudio\yaroslav\x64\debug\yaroslav.tlog\system.dll.metagen
c:\users\lenovo\desktop\visualstudio\yaroslav\x64\debug\yaroslav.tlog\system.drawing.dll.metagen
c:\users\lenovo\desktop\visualstudio\yaroslav\x64\debug\yaroslav.tlog\system.windows.forms.dll.metagen
c:\users\lenovo\desktop\visualstudio\yaroslav\x64\debug\yaroslav.tlog\system.xml.dll.metagen
c:\users\lenovo\desktop\visualstudio\yaroslav\x64\debug\yaroslav.tlog\clui.dll.bi
